Using pre-set license
Built from '2020.3/staging' branch; Version is '2020.3.6f1 (338bb68529b2) revision 3378102'; Using compiler version '192528614'; Build Type 'Release'
OS: 'Windows 10 Home; OS build 19042.1348; Version 2009; 64bit' Language: 'nl' Physical Memory: 16272 MB
BatchMode: 1, IsHumanControllingUs: 0, StartBugReporterOnCrash: 0, Is64bit: 1, IsPro: 0

 COMMAND LINE ARGUMENTS:
C:\Program Files\Unity\Hub\Editor\2020.3.6f1\Editor\Unity.exe
-adb2
-batchMode
-noUpm
-name
AssetImportWorker0
-projectPath
C:/Users/fpwee/f1m1/MA/Bewijzenmap/Leerjaar2/Periode2/BeroepsOpdracht/15SecUndertale
-logFile
Logs/AssetImportWorker0.log
-srvPort
58573
Successfully changed project path to: C:/Users/fpwee/f1m1/MA/Bewijzenmap/Leerjaar2/Periode2/BeroepsOpdracht/15SecUndertale
C:/Users/fpwee/f1m1/MA/Bewijzenmap/Leerjaar2/Periode2/BeroepsOpdracht/15SecUndertale
Using Asset Import Pipeline V2.
Refreshing native plugins compatible for Editor in 37.78 ms, found 1 plugins.
Preloading 0 native plugins for Editor in 0.00 ms.
Initialize engine version: 2020.3.6f1 (338bb68529b2)
[Subsystems] Discovering subsystems at path C:/Program Files/Unity/Hub/Editor/2020.3.6f1/Editor/Data/Resources/UnitySubsystems
[Subsystems] Discovering subsystems at path C:/Users/fpwee/f1m1/MA/Bewijzenmap/Leerjaar2/Periode2/BeroepsOpdracht/15SecUndertale/Assets
GfxDevice: creating device client; threaded=0
Direct3D:
    Version:  Direct3D 11.0 [level 11.1]
    Renderer: NVIDIA GeForce GTX 1050 Ti (ID=0x1c8c)
    Vendor:   
    VRAM:     4018 MB
    Driver:   27.21.14.6280
Initialize mono
Mono path[0] = 'C:/Program Files/Unity/Hub/Editor/2020.3.6f1/Editor/Data/Managed'
Mono path[1] = 'C:/Program Files/Unity/Hub/Editor/2020.3.6f1/Editor/Data/MonoBleedingEdge/lib/mono/unityjit'
Mono config path = 'C:/Program Files/Unity/Hub/Editor/2020.3.6f1/Editor/Data/MonoBleedingEdge/etc'
Using monoOptions --debugger-agent=transport=dt_socket,embedding=1,server=y,suspend=n,address=127.0.0.1:56844
Begin MonoManager ReloadAssembly
Registering precompiled unity dll's ...
Register platform support module: C:/Program Files/Unity/Hub/Editor/2020.3.6f1/Editor/Data/PlaybackEngines/WindowsStandaloneSupport/UnityEditor.WindowsStandalone.Extensions.dll
Registered in 0.003192 seconds.
Native extension for WindowsStandalone target not found
Refreshing native plugins compatible for Editor in 36.78 ms, found 1 plugins.
Preloading 0 native plugins for Editor in 0.00 ms.
Mono: successfully reloaded assembly
- Completed reload, in  1.246 seconds
Platform modules already initialized, skipping
Registering precompiled user dll's ...
Registered in 0.001349 seconds.
Begin MonoManager ReloadAssembly
Native extension for WindowsStandalone target not found
Refreshing native plugins compatible for Editor in 35.27 ms, found 1 plugins.
Preloading 0 native plugins for Editor in 0.00 ms.
Mono: successfully reloaded assembly
- Completed reload, in  1.013 seconds
Platform modules already initialized, skipping
========================================================================
Worker process is ready to serve import requests
Launched and connected shader compiler UnityShaderCompiler.exe after 0.06 seconds
Refreshing native plugins compatible for Editor in 0.48 ms, found 1 plugins.
Preloading 0 native plugins for Editor in 0.00 ms.
Unloading 1809 Unused Serialized files (Serialized files now loaded: 0)
System memory in use before: 85.5 MB.
System memory in use after: 85.5 MB.

Unloading 24 unused Assets to reduce memory usage. Loaded Objects now: 2251.
Total: 3.723400 ms (FindLiveObjects: 1.092800 ms CreateObjectMapping: 0.354400 ms MarkObjects: 2.146800 ms  DeleteObjects: 0.124900 ms)

========================================================================
Received Import Request.
  path: Assets/Scripts/EnterRooms/EnterRooms.cs
  artifactKey: Guid(786955630d8a92543846f499f6ff4246) Importer(815301076,1909f56bfc062723c751e8b465ee728b)
Start importing Assets/Scripts/EnterRooms/EnterRooms.cs using Guid(786955630d8a92543846f499f6ff4246) Importer(815301076,1909f56bfc062723c751e8b465ee728b)  -> (artifact id: '7939339739c848c60b0defcf6f8d8f3c') in 0.033196 seconds
  Import took 0.036334 seconds .

========================================================================
Received Import Request.
  Time since last request: 27.222122 seconds.
  path: Assets/Animation/Monsters/BurgerPants
  artifactKey: Guid(a458c15d4273f12498b636b6c2d1e9d1) Importer(815301076,1909f56bfc062723c751e8b465ee728b)
Start importing Assets/Animation/Monsters/BurgerPants using Guid(a458c15d4273f12498b636b6c2d1e9d1) Importer(815301076,1909f56bfc062723c751e8b465ee728b)  -> (artifact id: 'e27e58d759f7fc4262f8e44068748739') in 0.012939 seconds
  Import took 0.020968 seconds .

========================================================================
Received Import Request.
  Time since last request: 0.075815 seconds.
  path: Assets/Animation/Monsters/BurgerPants/Burgerpants_1.png
  artifactKey: Guid(7689249371aee8a469c19c69f1f9b529) Importer(815301076,1909f56bfc062723c751e8b465ee728b)
Start importing Assets/Animation/Monsters/BurgerPants/Burgerpants_1.png using Guid(7689249371aee8a469c19c69f1f9b529) Importer(815301076,1909f56bfc062723c751e8b465ee728b)  -> (artifact id: '258f86244d05ac1160a26227fc39635d') in 0.241506 seconds
  Import took 0.247510 seconds .

========================================================================
Received Import Request.
  Time since last request: 0.000783 seconds.
  path: Assets/Animation/Monsters/BurgerPants/Burgerpants_2.png
  artifactKey: Guid(7feb36ea551834448aeb4a6da51abc68) Importer(815301076,1909f56bfc062723c751e8b465ee728b)
Start importing Assets/Animation/Monsters/BurgerPants/Burgerpants_2.png using Guid(7feb36ea551834448aeb4a6da51abc68) Importer(815301076,1909f56bfc062723c751e8b465ee728b)  -> (artifact id: 'f22bef65909f1ca7cf44ff9aaadce5d5') in 0.030756 seconds
  Import took 0.035826 seconds .

========================================================================
Received Import Request.
  Time since last request: 0.000921 seconds.
  path: Assets/Animation/Monsters/BurgerPants/burgerpants_4.1.png
  artifactKey: Guid(3c0702be98d6bdf40a5ff3cc9ac82031) Importer(815301076,1909f56bfc062723c751e8b465ee728b)
Start importing Assets/Animation/Monsters/BurgerPants/burgerpants_4.1.png using Guid(3c0702be98d6bdf40a5ff3cc9ac82031) Importer(815301076,1909f56bfc062723c751e8b465ee728b)  -> (artifact id: '0755460916b04f66a84fe579bed82777') in 0.028253 seconds
  Import took 0.035662 seconds .

========================================================================
Received Import Request.
  Time since last request: 0.000707 seconds.
  path: Assets/Animation/Monsters/BurgerPants/burgerpants_4.2.png
  artifactKey: Guid(a255cf2a565dfcb40ac6f379b6c96f19) Importer(815301076,1909f56bfc062723c751e8b465ee728b)
Start importing Assets/Animation/Monsters/BurgerPants/burgerpants_4.2.png using Guid(a255cf2a565dfcb40ac6f379b6c96f19) Importer(815301076,1909f56bfc062723c751e8b465ee728b)  -> (artifact id: '3906a630b4d76edc17cd235d9703ac5a') in 0.030876 seconds
  Import took 0.038772 seconds .

========================================================================
Received Import Request.
  Time since last request: 0.000723 seconds.
  path: Assets/Animation/Monsters/BurgerPants/burgerpants_5.png
  artifactKey: Guid(e6f2eeed8489b134ab2e5f1e010c3de1) Importer(815301076,1909f56bfc062723c751e8b465ee728b)
Start importing Assets/Animation/Monsters/BurgerPants/burgerpants_5.png using Guid(e6f2eeed8489b134ab2e5f1e010c3de1) Importer(815301076,1909f56bfc062723c751e8b465ee728b)  -> (artifact id: 'e9f0c679c70779497b8735223fe04ce1') in 0.031486 seconds
  Import took 0.039429 seconds .

========================================================================
Received Import Request.
  Time since last request: 0.000736 seconds.
  path: Assets/Animation/Monsters/BurgerPants/burgerpants_3.png
  artifactKey: Guid(2338302f59e506441925707270163cd2) Importer(815301076,1909f56bfc062723c751e8b465ee728b)
Start importing Assets/Animation/Monsters/BurgerPants/burgerpants_3.png using Guid(2338302f59e506441925707270163cd2) Importer(815301076,1909f56bfc062723c751e8b465ee728b)  -> (artifact id: '82d2504005452c1e0310c4e0aa7502d3') in 0.031939 seconds
  Import took 0.038139 seconds .

========================================================================
Received Import Request.
  Time since last request: 2.750317 seconds.
  path: Assets/Animation/Monsters/Catmonster/Untitled_Artwork.png
  artifactKey: Guid(3bf408de7e71d5043b7eede757d50972) Importer(815301076,1909f56bfc062723c751e8b465ee728b)
Start importing Assets/Animation/Monsters/Catmonster/Untitled_Artwork.png using Guid(3bf408de7e71d5043b7eede757d50972) Importer(815301076,1909f56bfc062723c751e8b465ee728b)  -> (artifact id: 'fcc266a7acd214b2d6127797f924b8d2') in 0.022861 seconds
  Import took 0.027178 seconds .

========================================================================
Received Import Request.
  Time since last request: 1.431391 seconds.
  path: Assets/Animation/Monsters/DarkMonster/Untitled_Artwork.png
  artifactKey: Guid(0fb9f1278c30da34bb261fdafe1e348e) Importer(815301076,1909f56bfc062723c751e8b465ee728b)
Start importing Assets/Animation/Monsters/DarkMonster/Untitled_Artwork.png using Guid(0fb9f1278c30da34bb261fdafe1e348e) Importer(815301076,1909f56bfc062723c751e8b465ee728b)  -> (artifact id: '2c57ee80352721922b081a14dc736fae') in 0.011794 seconds
  Import took 0.015049 seconds .

========================================================================
Received Import Request.
  Time since last request: 2.690626 seconds.
  path: Assets/Animation/Monsters/DragonMonster/Untitled_Artwork (1).png
  artifactKey: Guid(d9cc4b855025d744eaf4b2893019b889) Importer(815301076,1909f56bfc062723c751e8b465ee728b)
Start importing Assets/Animation/Monsters/DragonMonster/Untitled_Artwork (1).png using Guid(d9cc4b855025d744eaf4b2893019b889) Importer(815301076,1909f56bfc062723c751e8b465ee728b)  -> (artifact id: '0c6ab7c6dda0b705f6b9795293cc7bc6') in 0.011914 seconds
  Import took 0.016987 seconds .

========================================================================
Received Import Request.
  Time since last request: 1.502965 seconds.
  path: Assets/Animation/Monsters/HandMonster/Untitled_Artwork.png
  artifactKey: Guid(9eabc54b76081964a907f5e7f052c3c5) Importer(815301076,1909f56bfc062723c751e8b465ee728b)
Start importing Assets/Animation/Monsters/HandMonster/Untitled_Artwork.png using Guid(9eabc54b76081964a907f5e7f052c3c5) Importer(815301076,1909f56bfc062723c751e8b465ee728b)  -> (artifact id: 'bd75464d2a216200554fa28276b79e8f') in 0.011569 seconds
  Import took 0.016688 seconds .

========================================================================
Received Import Request.
  Time since last request: 174.791493 seconds.
  path: Assets/Animation/Player/frisk_back.png
  artifactKey: Guid(6bdbba9a3ebaa294b862ed18f560169c) Importer(815301076,1909f56bfc062723c751e8b465ee728b)
Start importing Assets/Animation/Player/frisk_back.png using Guid(6bdbba9a3ebaa294b862ed18f560169c) Importer(815301076,1909f56bfc062723c751e8b465ee728b)  -> (artifact id: '672dd7184eb5abbe878b5952f517d4cd') in 0.020400 seconds
  Import took 0.024588 seconds .

========================================================================
Received Import Request.
  Time since last request: 40.408675 seconds.
  path: Assets/Animation/Player/frisk_back.png
  artifactKey: Guid(6bdbba9a3ebaa294b862ed18f560169c) Importer(815301076,1909f56bfc062723c751e8b465ee728b)
Start importing Assets/Animation/Player/frisk_back.png using Guid(6bdbba9a3ebaa294b862ed18f560169c) Importer(815301076,1909f56bfc062723c751e8b465ee728b)  -> (artifact id: 'ccc0916c43b48b1a1e7c6093e13a1aa6') in 0.012720 seconds
  Import took 0.016391 seconds .

========================================================================
Received Import Request.
  Time since last request: 0.026425 seconds.
  path: Assets/Animation/Player/frisk_back.png
  artifactKey: Guid(6bdbba9a3ebaa294b862ed18f560169c) Importer(815301076,1909f56bfc062723c751e8b465ee728b)
Start importing Assets/Animation/Player/frisk_back.png using Guid(6bdbba9a3ebaa294b862ed18f560169c) Importer(815301076,1909f56bfc062723c751e8b465ee728b)  -> (artifact id: 'ccc0916c43b48b1a1e7c6093e13a1aa6') in 0.014129 seconds
  Import took 0.018854 seconds .

========================================================================
Received Import Request.
  Time since last request: 0.000438 seconds.
  path: Assets/Animation/Player/frisk_walking_rechts.png
  artifactKey: Guid(3ccf85541a54d624282cbf55832f600f) Importer(815301076,1909f56bfc062723c751e8b465ee728b)
Start importing Assets/Animation/Player/frisk_walking_rechts.png using Guid(3ccf85541a54d624282cbf55832f600f) Importer(815301076,1909f56bfc062723c751e8b465ee728b)  -> (artifact id: '1f2e37181bed2211f8b12ffd2010cf13') in 0.016525 seconds
  Import took 0.020925 seconds .

========================================================================
Received Import Request.
  Time since last request: 0.000494 seconds.
  path: Assets/Animation/Player/frisk_walking_links.png
  artifactKey: Guid(0aeae50870c51374485fd089046f5614) Importer(815301076,1909f56bfc062723c751e8b465ee728b)
Start importing Assets/Animation/Player/frisk_walking_links.png using Guid(0aeae50870c51374485fd089046f5614) Importer(815301076,1909f56bfc062723c751e8b465ee728b)  -> (artifact id: '28b069012eaee99bad84975fbbe8039f') in 0.015179 seconds
  Import took 0.018495 seconds .

========================================================================
Received Import Request.
  Time since last request: 0.000397 seconds.
  path: Assets/Animation/Player/frisk_walk_up_2.png
  artifactKey: Guid(00338d3b787f73d4e941323bda652cb6) Importer(815301076,1909f56bfc062723c751e8b465ee728b)
Start importing Assets/Animation/Player/frisk_walk_up_2.png using Guid(00338d3b787f73d4e941323bda652cb6) Importer(815301076,1909f56bfc062723c751e8b465ee728b)  -> (artifact id: '8aab23f348285a0b2cb71abab24c98ba') in 0.016775 seconds
  Import took 0.020616 seconds .

========================================================================
Received Import Request.
  Time since last request: 0.000518 seconds.
  path: Assets/Animation/Player/frisk_side_links.png
  artifactKey: Guid(0fc9493479c09ce4da061d66f6e52948) Importer(815301076,1909f56bfc062723c751e8b465ee728b)
Start importing Assets/Animation/Player/frisk_side_links.png using Guid(0fc9493479c09ce4da061d66f6e52948) Importer(815301076,1909f56bfc062723c751e8b465ee728b)  -> (artifact id: 'e935b09137ddbc38668a39cc3ab52050') in 0.013885 seconds
  Import took 0.019401 seconds .

========================================================================
Received Import Request.
  Time since last request: 0.000438 seconds.
  path: Assets/Animation/Player/onze_frisk_front.png
  artifactKey: Guid(0712dcff8be3ac64a88599dd17b4ffbb) Importer(815301076,1909f56bfc062723c751e8b465ee728b)
Start importing Assets/Animation/Player/onze_frisk_front.png using Guid(0712dcff8be3ac64a88599dd17b4ffbb) Importer(815301076,1909f56bfc062723c751e8b465ee728b)  -> (artifact id: '0724e82fcb0599584ebefd3c435752b0') in 0.015571 seconds
  Import took 0.021694 seconds .

========================================================================
Received Import Request.
  Time since last request: 0.000853 seconds.
  path: Assets/Animation/Player/frisk_walk_down_1.png
  artifactKey: Guid(8e1770fae893b3a47b3bf99f04bf42f0) Importer(815301076,1909f56bfc062723c751e8b465ee728b)
Start importing Assets/Animation/Player/frisk_walk_down_1.png using Guid(8e1770fae893b3a47b3bf99f04bf42f0) Importer(815301076,1909f56bfc062723c751e8b465ee728b)  -> (artifact id: 'd3e1d00b36f39c5d7a707fb97e6c3e04') in 0.014292 seconds
  Import took 0.018516 seconds .

========================================================================
Received Import Request.
  Time since last request: 0.000465 seconds.
  path: Assets/Animation/Player/frisk_walk_up_1.png
  artifactKey: Guid(196d52b2cbb993945a5db977ad64e0a9) Importer(815301076,1909f56bfc062723c751e8b465ee728b)
Start importing Assets/Animation/Player/frisk_walk_up_1.png using Guid(196d52b2cbb993945a5db977ad64e0a9) Importer(815301076,1909f56bfc062723c751e8b465ee728b)  -> (artifact id: '8b00770b28115d636e50a44a2385c06b') in 0.015957 seconds
  Import took 0.019198 seconds .

========================================================================
Received Import Request.
  Time since last request: 0.000487 seconds.
  path: Assets/Animation/Player/frisk_walk_down_2.png
  artifactKey: Guid(4ce75d0a5332aff40a9b9b96b5a7da3f) Importer(815301076,1909f56bfc062723c751e8b465ee728b)
Start importing Assets/Animation/Player/frisk_walk_down_2.png using Guid(4ce75d0a5332aff40a9b9b96b5a7da3f) Importer(815301076,1909f56bfc062723c751e8b465ee728b)  -> (artifact id: 'fe154b5444ae68d2df102447b0d3b46e') in 0.013371 seconds
  Import took 0.016923 seconds .

========================================================================
Received Import Request.
  Time since last request: 0.000387 seconds.
  path: Assets/Animation/Player/frisk_side_rechts.png
  artifactKey: Guid(35b9340e6650d584f8b201042c636754) Importer(815301076,1909f56bfc062723c751e8b465ee728b)
Start importing Assets/Animation/Player/frisk_side_rechts.png using Guid(35b9340e6650d584f8b201042c636754) Importer(815301076,1909f56bfc062723c751e8b465ee728b)  -> (artifact id: '83e6018be6e0c292a13127e5cd9bdb2a') in 0.014339 seconds
  Import took 0.019512 seconds .

========================================================================
Received Import Request.
  Time since last request: 0.001217 seconds.
  path: Assets/Animation/Player/frisk_walk_down_2.png
  artifactKey: Guid(4ce75d0a5332aff40a9b9b96b5a7da3f) Importer(815301076,1909f56bfc062723c751e8b465ee728b)
Start importing Assets/Animation/Player/frisk_walk_down_2.png using Guid(4ce75d0a5332aff40a9b9b96b5a7da3f) Importer(815301076,1909f56bfc062723c751e8b465ee728b)  -> (artifact id: 'fe154b5444ae68d2df102447b0d3b46e') in 0.012762 seconds
  Import took 0.019485 seconds .

========================================================================
Received Import Request.
  Time since last request: 284.109012 seconds.
  path: Assets/Scripts/MessagesinGame
  artifactKey: Guid(846f92708f3c51243acbd46ebdcb6ef3) Importer(815301076,1909f56bfc062723c751e8b465ee728b)
Start importing Assets/Scripts/MessagesinGame using Guid(846f92708f3c51243acbd46ebdcb6ef3) Importer(815301076,1909f56bfc062723c751e8b465ee728b)  -> (artifact id: '3433b550b72fe2ed9f234031b6816606') in 0.004431 seconds
  Import took 0.008194 seconds .

========================================================================
Received Import Request.
  Time since last request: 8.946142 seconds.
  path: Assets/Scripts/MessagesinGame/DialogueSystem.cs
  artifactKey: Guid(717b66d6b5fb3f842b337cd8eb6c34dd) Importer(815301076,1909f56bfc062723c751e8b465ee728b)
Start importing Assets/Scripts/MessagesinGame/DialogueSystem.cs using Guid(717b66d6b5fb3f842b337cd8eb6c34dd) Importer(815301076,1909f56bfc062723c751e8b465ee728b)  -> (artifact id: '86630287d4c70f09d1dacef7aeaf692c') in 0.004591 seconds
  Import took 0.007703 seconds .

========================================================================
Received Import Request.
  Time since last request: 82.812088 seconds.
  path: Assets/Scripts/MessagesinGame/DialogueSystem.cs
  artifactKey: Guid(717b66d6b5fb3f842b337cd8eb6c34dd) Importer(815301076,1909f56bfc062723c751e8b465ee728b)
Start importing Assets/Scripts/MessagesinGame/DialogueSystem.cs using Guid(717b66d6b5fb3f842b337cd8eb6c34dd) Importer(815301076,1909f56bfc062723c751e8b465ee728b)  -> (artifact id: '86aefc32f6ecf6157f829212c33de9c5') in 0.005528 seconds
  Import took 0.011727 seconds .

========================================================================
Received Import Request.
  Time since last request: 17.552268 seconds.
  path: Assets/Scripts/MessagesinGame/DialogueSystem.cs
  artifactKey: Guid(717b66d6b5fb3f842b337cd8eb6c34dd) Importer(815301076,1909f56bfc062723c751e8b465ee728b)
Start importing Assets/Scripts/MessagesinGame/DialogueSystem.cs using Guid(717b66d6b5fb3f842b337cd8eb6c34dd) Importer(815301076,1909f56bfc062723c751e8b465ee728b)  -> (artifact id: 'c000bb16923bacd8277baf9e4085ce5f') in 0.006357 seconds
  Import took 0.013063 seconds .

========================================================================
Received Import Request.
  Time since last request: 45.713427 seconds.
  path: Assets/Scripts/MessagesinGame/DialogueSystem.cs
  artifactKey: Guid(717b66d6b5fb3f842b337cd8eb6c34dd) Importer(815301076,1909f56bfc062723c751e8b465ee728b)
Start importing Assets/Scripts/MessagesinGame/DialogueSystem.cs using Guid(717b66d6b5fb3f842b337cd8eb6c34dd) Importer(815301076,1909f56bfc062723c751e8b465ee728b)  -> (artifact id: 'a1ce08ed6599158bcad7891525f4acea') in 0.005301 seconds
  Import took 0.009100 seconds .

========================================================================
Received Import Request.
  Time since last request: 9.481247 seconds.
  path: Assets/Scripts/MessagesinGame/DialogueSystem.cs
  artifactKey: Guid(717b66d6b5fb3f842b337cd8eb6c34dd) Importer(815301076,1909f56bfc062723c751e8b465ee728b)
Start importing Assets/Scripts/MessagesinGame/DialogueSystem.cs using Guid(717b66d6b5fb3f842b337cd8eb6c34dd) Importer(815301076,1909f56bfc062723c751e8b465ee728b)  -> (artifact id: '941433ae2fe8916f93b5699f2c71acf0') in 0.004520 seconds
  Import took 0.007797 seconds .

========================================================================
Received Import Request.
  Time since last request: 13.481320 seconds.
  path: Assets/Scripts/MessagesinGame/DialogueSystem.cs
  artifactKey: Guid(717b66d6b5fb3f842b337cd8eb6c34dd) Importer(815301076,1909f56bfc062723c751e8b465ee728b)
Start importing Assets/Scripts/MessagesinGame/DialogueSystem.cs using Guid(717b66d6b5fb3f842b337cd8eb6c34dd) Importer(815301076,1909f56bfc062723c751e8b465ee728b)  -> (artifact id: '448d260ed25fc3461ef7a36e885c11f2') in 0.005058 seconds
  Import took 0.021311 seconds .

========================================================================
Received Import Request.
  Time since last request: 4.318043 seconds.
  path: Assets/Scripts/MessagesinGame/DialogueSystem.cs
  artifactKey: Guid(717b66d6b5fb3f842b337cd8eb6c34dd) Importer(815301076,1909f56bfc062723c751e8b465ee728b)
Start importing Assets/Scripts/MessagesinGame/DialogueSystem.cs using Guid(717b66d6b5fb3f842b337cd8eb6c34dd) Importer(815301076,1909f56bfc062723c751e8b465ee728b)  -> (artifact id: '724cdff9153d2453fbada89ab8c9d76d') in 0.028822 seconds
  Import took 0.033187 seconds .

========================================================================
Received Prepare
Registering precompiled user dll's ...
Registered in 0.001855 seconds.
Begin MonoManager ReloadAssembly
Native extension for WindowsStandalone target not found
Refreshing native plugins compatible for Editor in 0.39 ms, found 1 plugins.
Preloading 0 native plugins for Editor in 0.00 ms.
Mono: successfully reloaded assembly
- Completed reload, in  0.916 seconds
Platform modules already initialized, skipping
Refreshing native plugins compatible for Editor in 0.48 ms, found 1 plugins.
Preloading 0 native plugins for Editor in 0.00 ms.
Unloading 1805 Unused Serialized files (Serialized files now loaded: 0)
System memory in use before: 88.6 MB.
System memory in use after: 88.6 MB.

Unloading 12 unused Assets to reduce memory usage. Loaded Objects now: 2270.
Total: 1.987000 ms (FindLiveObjects: 0.204300 ms CreateObjectMapping: 0.051900 ms MarkObjects: 1.614900 ms  DeleteObjects: 0.114600 ms)

========================================================================
Received Import Request.
  Time since last request: 37.302655 seconds.
  path: Assets/Scripts/MessagesinGame/TypeWriter.cs
  artifactKey: Guid(6da1d2baf8b975e488de265c3c7a34f2) Importer(815301076,1909f56bfc062723c751e8b465ee728b)
Start importing Assets/Scripts/MessagesinGame/TypeWriter.cs using Guid(6da1d2baf8b975e488de265c3c7a34f2) Importer(815301076,1909f56bfc062723c751e8b465ee728b)  -> (artifact id: '5caed418df2e20fb100b937d1f65bc2e') in 0.012053 seconds
  Import took 0.016070 seconds .

========================================================================
Received Import Request.
  Time since last request: 0.001278 seconds.
  path: Assets/Scripts/MessagesinGame/TypeWriter.cs
  artifactKey: Guid(6da1d2baf8b975e488de265c3c7a34f2) Importer(815301076,1909f56bfc062723c751e8b465ee728b)
Start importing Assets/Scripts/MessagesinGame/TypeWriter.cs using Guid(6da1d2baf8b975e488de265c3c7a34f2) Importer(815301076,1909f56bfc062723c751e8b465ee728b)  -> (artifact id: '5caed418df2e20fb100b937d1f65bc2e') in 0.005823 seconds
  Import took 0.009231 seconds .

========================================================================
Received Prepare
Registering precompiled user dll's ...
Registered in 0.027058 seconds.
Begin MonoManager ReloadAssembly
Native extension for WindowsStandalone target not found
Refreshing native plugins compatible for Editor in 0.33 ms, found 1 plugins.
Preloading 0 native plugins for Editor in 0.00 ms.
Mono: successfully reloaded assembly
- Completed reload, in  1.134 seconds
Platform modules already initialized, skipping
Refreshing native plugins compatible for Editor in 0.51 ms, found 1 plugins.
Preloading 0 native plugins for Editor in 0.00 ms.
Unloading 1806 Unused Serialized files (Serialized files now loaded: 0)
System memory in use before: 88.6 MB.
System memory in use after: 88.6 MB.

Unloading 12 unused Assets to reduce memory usage. Loaded Objects now: 2275.
Total: 2.743000 ms (FindLiveObjects: 0.316900 ms CreateObjectMapping: 0.105500 ms MarkObjects: 2.086100 ms  DeleteObjects: 0.233100 ms)

========================================================================
Received Prepare
Registering precompiled user dll's ...
Registered in 0.001939 seconds.
Begin MonoManager ReloadAssembly
Native extension for WindowsStandalone target not found
Refreshing native plugins compatible for Editor in 0.33 ms, found 1 plugins.
Preloading 0 native plugins for Editor in 0.00 ms.
Mono: successfully reloaded assembly
- Completed reload, in  0.963 seconds
Platform modules already initialized, skipping
Refreshing native plugins compatible for Editor in 0.35 ms, found 1 plugins.
Preloading 0 native plugins for Editor in 0.00 ms.
Unloading 1806 Unused Serialized files (Serialized files now loaded: 0)
System memory in use before: 88.7 MB.
System memory in use after: 88.6 MB.

Unloading 12 unused Assets to reduce memory usage. Loaded Objects now: 2279.
Total: 1.879700 ms (FindLiveObjects: 0.162300 ms CreateObjectMapping: 0.062000 ms MarkObjects: 1.547300 ms  DeleteObjects: 0.106700 ms)

========================================================================
Received Import Request.
  Time since last request: 378.314294 seconds.
  path: Assets/Scripts/MessagesinGame/TypeWriter.cs
  artifactKey: Guid(6da1d2baf8b975e488de265c3c7a34f2) Importer(815301076,1909f56bfc062723c751e8b465ee728b)
Start importing Assets/Scripts/MessagesinGame/TypeWriter.cs using Guid(6da1d2baf8b975e488de265c3c7a34f2) Importer(815301076,1909f56bfc062723c751e8b465ee728b)  -> (artifact id: '92a5a8d204ed3e4d75fde55fff1f8767') in 0.005683 seconds
  Import took 0.008527 seconds .

========================================================================
Received Prepare
Registering precompiled user dll's ...
Registered in 0.001499 seconds.
Begin MonoManager ReloadAssembly
Native extension for WindowsStandalone target not found
Refreshing native plugins compatible for Editor in 0.38 ms, found 1 plugins.
Preloading 0 native plugins for Editor in 0.00 ms.
Mono: successfully reloaded assembly
- Completed reload, in  0.943 seconds
Platform modules already initialized, skipping
Refreshing native plugins compatible for Editor in 0.34 ms, found 1 plugins.
Preloading 0 native plugins for Editor in 0.00 ms.
Unloading 1806 Unused Serialized files (Serialized files now loaded: 0)
System memory in use before: 88.7 MB.
System memory in use after: 88.7 MB.

Unloading 12 unused Assets to reduce memory usage. Loaded Objects now: 2283.
Total: 2.567700 ms (FindLiveObjects: 0.260000 ms CreateObjectMapping: 0.090100 ms MarkObjects: 2.097100 ms  DeleteObjects: 0.117500 ms)

========================================================================
Received Import Request.
  Time since last request: 2337.768081 seconds.
  path: Assets/Scripts/MessagesinGame/TypeWriter.cs
  artifactKey: Guid(6da1d2baf8b975e488de265c3c7a34f2) Importer(815301076,1909f56bfc062723c751e8b465ee728b)
Start importing Assets/Scripts/MessagesinGame/TypeWriter.cs using Guid(6da1d2baf8b975e488de265c3c7a34f2) Importer(815301076,1909f56bfc062723c751e8b465ee728b)  -> (artifact id: '41f381ea43283b5197cb1466eb23b70f') in 0.006244 seconds
  Import took 0.009731 seconds .

========================================================================
Received Prepare
Registering precompiled user dll's ...
Registered in 0.001271 seconds.
Begin MonoManager ReloadAssembly
Native extension for WindowsStandalone target not found
Refreshing native plugins compatible for Editor in 0.41 ms, found 1 plugins.
Preloading 0 native plugins for Editor in 0.00 ms.
Mono: successfully reloaded assembly
- Completed reload, in  1.120 seconds
Platform modules already initialized, skipping
Refreshing native plugins compatible for Editor in 0.44 ms, found 1 plugins.
Preloading 0 native plugins for Editor in 0.00 ms.
Unloading 1825 Unused Serialized files (Serialized files now loaded: 0)
System memory in use before: 89.2 MB.
System memory in use after: 89.2 MB.

Unloading 12 unused Assets to reduce memory usage. Loaded Objects now: 2306.
Total: 3.693600 ms (FindLiveObjects: 0.243000 ms CreateObjectMapping: 0.106500 ms MarkObjects: 3.192000 ms  DeleteObjects: 0.149800 ms)

========================================================================
Received Import Request.
  Time since last request: 64.035126 seconds.
  path: Assets/CodeMonkey
  artifactKey: Guid(16b451a71f8c5644886a3d83a5a80de7) Importer(815301076,1909f56bfc062723c751e8b465ee728b)
Start importing Assets/CodeMonkey using Guid(16b451a71f8c5644886a3d83a5a80de7) Importer(815301076,1909f56bfc062723c751e8b465ee728b)  -> (artifact id: 'cb83f40ab6adb0469368d674c5e384a8') in 0.006946 seconds
  Import took 0.010156 seconds .

========================================================================
Received Import Request.
  Time since last request: 0.004296 seconds.
  path: Assets/CodeMonkey
  artifactKey: Guid(16b451a71f8c5644886a3d83a5a80de7) Importer(815301076,1909f56bfc062723c751e8b465ee728b)
Start importing Assets/CodeMonkey using Guid(16b451a71f8c5644886a3d83a5a80de7) Importer(815301076,1909f56bfc062723c751e8b465ee728b)  -> (artifact id: 'cb83f40ab6adb0469368d674c5e384a8') in 0.003763 seconds
  Import took 0.006931 seconds .

========================================================================
Received Import Request.
  Time since last request: 5.158043 seconds.
  path: Assets/CodeMonkey/Assets
  artifactKey: Guid(87d70cfb1e610ac4dadb3551cb1dc28b) Importer(815301076,1909f56bfc062723c751e8b465ee728b)
Start importing Assets/CodeMonkey/Assets using Guid(87d70cfb1e610ac4dadb3551cb1dc28b) Importer(815301076,1909f56bfc062723c751e8b465ee728b)  -> (artifact id: 'ce8506217a1c579a79db57e6f80ff251') in 0.005072 seconds
  Import took 0.008308 seconds .

========================================================================
Received Import Request.
  Time since last request: 0.783165 seconds.
  path: Assets/CodeMonkey/MonoBehaviours
  artifactKey: Guid(5abf4c77cbf61d94995a40be42eeaee0) Importer(815301076,1909f56bfc062723c751e8b465ee728b)
Start importing Assets/CodeMonkey/MonoBehaviours using Guid(5abf4c77cbf61d94995a40be42eeaee0) Importer(815301076,1909f56bfc062723c751e8b465ee728b)  -> (artifact id: 'a5dfd58423f1c1a5dfe8b39e9d72dc82') in 0.005504 seconds
  Import took 0.008724 seconds .

========================================================================
Received Import Request.
  Time since last request: 0.435057 seconds.
  path: Assets/CodeMonkey/Resources
  artifactKey: Guid(9c480003fd87d3548ae91e921a89a579) Importer(815301076,1909f56bfc062723c751e8b465ee728b)
Start importing Assets/CodeMonkey/Resources using Guid(9c480003fd87d3548ae91e921a89a579) Importer(815301076,1909f56bfc062723c751e8b465ee728b)  -> (artifact id: '8c0be00499899e84f092c06eb25ecfb6') in 0.005311 seconds
  Import took 0.008830 seconds .

========================================================================
Received Import Request.
  Time since last request: 1.635539 seconds.
  path: Assets/CodeMonkey/Assets/Circle.png
  artifactKey: Guid(a0e35f6b808bb7447826cc6c69ffe448) Importer(815301076,1909f56bfc062723c751e8b465ee728b)
Start importing Assets/CodeMonkey/Assets/Circle.png using Guid(a0e35f6b808bb7447826cc6c69ffe448) Importer(815301076,1909f56bfc062723c751e8b465ee728b)  -> (artifact id: 'd32166fb04737045c958e49949152cb1') in 0.059369 seconds
  Import took 0.063101 seconds .

========================================================================
Received Import Request.
  Time since last request: 0.000395 seconds.
  path: Assets/CodeMonkey/Assets/White_1x1.png
  artifactKey: Guid(170577bce7cbda144b82578f81308d23) Importer(815301076,1909f56bfc062723c751e8b465ee728b)
Start importing Assets/CodeMonkey/Assets/White_1x1.png using Guid(170577bce7cbda144b82578f81308d23) Importer(815301076,1909f56bfc062723c751e8b465ee728b)  -> (artifact id: 'c881a4667216ee7d3e1aca2110b79628') in 0.013072 seconds
  Import took 0.016229 seconds .

========================================================================
Received Import Request.
  Time since last request: 0.000444 seconds.
  path: Assets/CodeMonkey/Assets/White_1x1.mat
  artifactKey: Guid(7d5e8e2c082a4c44a9abd7d650cf0a15) Importer(815301076,1909f56bfc062723c751e8b465ee728b)
Start importing Assets/CodeMonkey/Assets/White_1x1.mat using Guid(7d5e8e2c082a4c44a9abd7d650cf0a15) Importer(815301076,1909f56bfc062723c751e8b465ee728b)  -> (artifact id: '6c177aa923d35d10a687b2646bc7e8be') in 0.385913 seconds
  Import took 0.389512 seconds .

========================================================================
Received Import Request.
  Time since last request: 3.870830 seconds.
  path: Assets/CodeMonkey/MonoBehaviours/CameraFollowSetup.cs
  artifactKey: Guid(31e947e7eb3216d40b72c592fa6847a3) Importer(815301076,1909f56bfc062723c751e8b465ee728b)
Start importing Assets/CodeMonkey/MonoBehaviours/CameraFollowSetup.cs using Guid(31e947e7eb3216d40b72c592fa6847a3) Importer(815301076,1909f56bfc062723c751e8b465ee728b)  -> (artifact id: '54bf070193211d65731abf7311d756b1') in 0.010262 seconds
  Import took 0.016789 seconds .

========================================================================
Received Import Request.
  Time since last request: 3.836906 seconds.
  path: Assets/CodeMonkey/MonoBehaviours/ComponentActions.cs
  artifactKey: Guid(cb3e855e7fda2944b91078893f9e8fd8) Importer(815301076,1909f56bfc062723c751e8b465ee728b)
Start importing Assets/CodeMonkey/MonoBehaviours/ComponentActions.cs using Guid(cb3e855e7fda2944b91078893f9e8fd8) Importer(815301076,1909f56bfc062723c751e8b465ee728b)  -> (artifact id: '9515a2adb9fe62ee9656ad928b4a8a83') in 0.004760 seconds
  Import took 0.008466 seconds .

========================================================================
Received Import Request.
  Time since last request: 0.023960 seconds.
  path: Assets/CodeMonkey/MonoBehaviours/ComponentActions.cs
  artifactKey: Guid(cb3e855e7fda2944b91078893f9e8fd8) Importer(815301076,1909f56bfc062723c751e8b465ee728b)
Start importing Assets/CodeMonkey/MonoBehaviours/ComponentActions.cs using Guid(cb3e855e7fda2944b91078893f9e8fd8) Importer(815301076,1909f56bfc062723c751e8b465ee728b)  -> (artifact id: '9515a2adb9fe62ee9656ad928b4a8a83') in 0.004087 seconds
  Import took 0.008317 seconds .

========================================================================
Received Import Request.
  Time since last request: 0.748820 seconds.
  path: Assets/CodeMonkey/MonoBehaviours/PositionRendererSorter.cs
  artifactKey: Guid(b330b302c69005c4f98a928f7d71b877) Importer(815301076,1909f56bfc062723c751e8b465ee728b)
Start importing Assets/CodeMonkey/MonoBehaviours/PositionRendererSorter.cs using Guid(b330b302c69005c4f98a928f7d71b877) Importer(815301076,1909f56bfc062723c751e8b465ee728b)  -> (artifact id: '7164c9b461f809cb8cfc01738835bf6b') in 0.006118 seconds
  Import took 0.009754 seconds .

========================================================================
Received Import Request.
  Time since last request: 2.362743 seconds.
  path: Assets/CodeMonkey/Resources/CodeMonkeyAssets.prefab
  artifactKey: Guid(6cb9ffb1fe7e89d4a890b91c62fa7e8b) Importer(815301076,1909f56bfc062723c751e8b465ee728b)
Start importing Assets/CodeMonkey/Resources/CodeMonkeyAssets.prefab using Guid(6cb9ffb1fe7e89d4a890b91c62fa7e8b) Importer(815301076,1909f56bfc062723c751e8b465ee728b)  -> (artifact id: 'ee4ddb220a7ffc2f8511a6adfd095ad0') in 0.016257 seconds
  Import took 0.019995 seconds .

========================================================================
Received Import Request.
  Time since last request: 1.791617 seconds.
  path: Assets/CodeMonkey/Utils
  artifactKey: Guid(d900c58c01968cd42bb98e37d8e4d05c) Importer(815301076,1909f56bfc062723c751e8b465ee728b)
Start importing Assets/CodeMonkey/Utils using Guid(d900c58c01968cd42bb98e37d8e4d05c) Importer(815301076,1909f56bfc062723c751e8b465ee728b)  -> (artifact id: '703a6aba1887c2bdf69c402f1ec0e665') in 0.006477 seconds
  Import took 0.010131 seconds .

========================================================================
Received Import Request.
  Time since last request: 1.830757 seconds.
  path: Assets/CodeMonkey/Utils/Button_Sprite.cs
  artifactKey: Guid(4771330f098d1db4898ad07204154d04) Importer(815301076,1909f56bfc062723c751e8b465ee728b)
Start importing Assets/CodeMonkey/Utils/Button_Sprite.cs using Guid(4771330f098d1db4898ad07204154d04) Importer(815301076,1909f56bfc062723c751e8b465ee728b)  -> (artifact id: '459eb2b3279651da939eebbb0773f463') in 0.004845 seconds
  Import took 0.009043 seconds .

========================================================================
Received Import Request.
  Time since last request: 0.006359 seconds.
  path: Assets/CodeMonkey/Utils/Button_Sprite.cs
  artifactKey: Guid(4771330f098d1db4898ad07204154d04) Importer(815301076,1909f56bfc062723c751e8b465ee728b)
Start importing Assets/CodeMonkey/Utils/Button_Sprite.cs using Guid(4771330f098d1db4898ad07204154d04) Importer(815301076,1909f56bfc062723c751e8b465ee728b)  -> (artifact id: '459eb2b3279651da939eebbb0773f463') in 0.003786 seconds
  Import took 0.007097 seconds .

========================================================================
Received Import Request.
  Time since last request: 0.456521 seconds.
  path: Assets/CodeMonkey/Utils/Button_UI.cs
  artifactKey: Guid(602f74cbbbd80034b96f88091a8e7c1d) Importer(815301076,1909f56bfc062723c751e8b465ee728b)
Start importing Assets/CodeMonkey/Utils/Button_UI.cs using Guid(602f74cbbbd80034b96f88091a8e7c1d) Importer(815301076,1909f56bfc062723c751e8b465ee728b)  -> (artifact id: 'f7ebd73cf21f8552db5d54695300af13') in 0.004947 seconds
  Import took 0.008076 seconds .

========================================================================
Received Import Request.
  Time since last request: 168.142691 seconds.
  path: Assets/Scripts/MessagesinGame/DialogueSystem.cs
  artifactKey: Guid(717b66d6b5fb3f842b337cd8eb6c34dd) Importer(815301076,1909f56bfc062723c751e8b465ee728b)
Start importing Assets/Scripts/MessagesinGame/DialogueSystem.cs using Guid(717b66d6b5fb3f842b337cd8eb6c34dd) Importer(815301076,1909f56bfc062723c751e8b465ee728b)  -> (artifact id: 'f094d5d9bf7c4c9acfea84144f73ee54') in 0.004161 seconds
  Import took 0.007173 seconds .

========================================================================
Received Prepare
Registering precompiled user dll's ...
Registered in 0.001322 seconds.
Begin MonoManager ReloadAssembly
Native extension for WindowsStandalone target not found
Refreshing native plugins compatible for Editor in 0.35 ms, found 1 plugins.
Preloading 0 native plugins for Editor in 0.00 ms.
Mono: successfully reloaded assembly
- Completed reload, in  0.933 seconds
Platform modules already initialized, skipping
Refreshing native plugins compatible for Editor in 0.34 ms, found 1 plugins.
Preloading 0 native plugins for Editor in 0.00 ms.
Unloading 1825 Unused Serialized files (Serialized files now loaded: 0)
System memory in use before: 89.5 MB.
System memory in use after: 89.5 MB.

Unloading 12 unused Assets to reduce memory usage. Loaded Objects now: 2351.
Total: 2.262500 ms (FindLiveObjects: 0.212700 ms CreateObjectMapping: 0.091300 ms MarkObjects: 1.855400 ms  DeleteObjects: 0.101900 ms)

========================================================================
Received Import Request.
  Time since last request: 397.628290 seconds.
  path: Assets/CodeMonkey/Assets.cs
  artifactKey: Guid(eda7ff5f6e8175c4da119ea9ed256f6d) Importer(815301076,1909f56bfc062723c751e8b465ee728b)
Start importing Assets/CodeMonkey/Assets.cs using Guid(eda7ff5f6e8175c4da119ea9ed256f6d) Importer(815301076,1909f56bfc062723c751e8b465ee728b)  -> (artifact id: '9beb55d15cc4533bcdc43a5dfa0a8aac') in 0.007021 seconds
  Import took 0.010305 seconds .

========================================================================
Received Prepare
Registering precompiled user dll's ...
Registered in 0.002622 seconds.
Begin MonoManager ReloadAssembly
Native extension for WindowsStandalone target not found
Refreshing native plugins compatible for Editor in 0.45 ms, found 1 plugins.
Preloading 0 native plugins for Editor in 0.00 ms.
Mono: successfully reloaded assembly
- Completed reload, in  0.963 seconds
Platform modules already initialized, skipping
Refreshing native plugins compatible for Editor in 0.36 ms, found 1 plugins.
Preloading 0 native plugins for Editor in 0.00 ms.
Unloading 1821 Unused Serialized files (Serialized files now loaded: 0)
System memory in use before: 89.5 MB.
System memory in use after: 89.4 MB.

Unloading 16 unused Assets to reduce memory usage. Loaded Objects now: 2351.
Total: 2.483000 ms (FindLiveObjects: 0.290300 ms CreateObjectMapping: 0.172800 ms MarkObjects: 1.875700 ms  DeleteObjects: 0.142400 ms)

========================================================================
Received Import Request.
  Time since last request: 974.539933 seconds.
  path: Assets/Scripts/MessagesinGame/TextWriterSingle.cs
  artifactKey: Guid(27eee880da28948459cb517426fd0fa2) Importer(815301076,1909f56bfc062723c751e8b465ee728b)
Start importing Assets/Scripts/MessagesinGame/TextWriterSingle.cs using Guid(27eee880da28948459cb517426fd0fa2) Importer(815301076,1909f56bfc062723c751e8b465ee728b)  -> (artifact id: 'b50f3c922b7eef4dc7ae26632d8b1dc6') in 0.012170 seconds
  Import took 0.017833 seconds .

========================================================================
Received Prepare
Registering precompiled user dll's ...
Registered in 0.001524 seconds.
Begin MonoManager ReloadAssembly
Native extension for WindowsStandalone target not found
Refreshing native plugins compatible for Editor in 0.34 ms, found 1 plugins.
Preloading 0 native plugins for Editor in 0.00 ms.
Mono: successfully reloaded assembly
- Completed reload, in  0.853 seconds
Platform modules already initialized, skipping
Refreshing native plugins compatible for Editor in 0.38 ms, found 1 plugins.
Preloading 0 native plugins for Editor in 0.00 ms.
Unloading 1822 Unused Serialized files (Serialized files now loaded: 0)
System memory in use before: 89.5 MB.
System memory in use after: 89.5 MB.

Unloading 12 unused Assets to reduce memory usage. Loaded Objects now: 2356.
Total: 2.328000 ms (FindLiveObjects: 0.277900 ms CreateObjectMapping: 0.060000 ms MarkObjects: 1.842900 ms  DeleteObjects: 0.146400 ms)

========================================================================
Received Import Request.
  Time since last request: 2001.754985 seconds.
  path: Assets/Scripts/MessagesinGame/TextWriterSingle.cs
  artifactKey: Guid(27eee880da28948459cb517426fd0fa2) Importer(815301076,1909f56bfc062723c751e8b465ee728b)
Start importing Assets/Scripts/MessagesinGame/TextWriterSingle.cs using Guid(27eee880da28948459cb517426fd0fa2) Importer(815301076,1909f56bfc062723c751e8b465ee728b)  -> (artifact id: '277820076dca38e66eecb60298170f3c') in 0.005906 seconds
  Import took 0.008875 seconds .

========================================================================
Received Prepare
Registering precompiled user dll's ...
Registered in 0.001474 seconds.
Begin MonoManager ReloadAssembly
Native extension for WindowsStandalone target not found
Refreshing native plugins compatible for Editor in 0.37 ms, found 1 plugins.
Preloading 0 native plugins for Editor in 0.00 ms.
Mono: successfully reloaded assembly
- Completed reload, in  0.910 seconds
Platform modules already initialized, skipping
Refreshing native plugins compatible for Editor in 0.45 ms, found 1 plugins.
Preloading 0 native plugins for Editor in 0.00 ms.
Unloading 1822 Unused Serialized files (Serialized files now loaded: 0)
System memory in use before: 89.5 MB.
System memory in use after: 89.5 MB.

Unloading 12 unused Assets to reduce memory usage. Loaded Objects now: 2360.
Total: 4.425000 ms (FindLiveObjects: 0.332600 ms CreateObjectMapping: 0.222700 ms MarkObjects: 3.678200 ms  DeleteObjects: 0.189800 ms)

========================================================================
Received Import Request.
  Time since last request: 1438.810242 seconds.
  path: Assets/Scripts/MessagesinGame/TextWriterSingle.cs
  artifactKey: Guid(27eee880da28948459cb517426fd0fa2) Importer(815301076,1909f56bfc062723c751e8b465ee728b)
Start importing Assets/Scripts/MessagesinGame/TextWriterSingle.cs using Guid(27eee880da28948459cb517426fd0fa2) Importer(815301076,1909f56bfc062723c751e8b465ee728b)  -> (artifact id: '7108919201e530af49584b834435ef6c') in 0.008065 seconds
  Import took 0.011440 seconds .

========================================================================
Received Import Request.
  Time since last request: 6.265009 seconds.
  path: Assets/Music
  artifactKey: Guid(7c266b6227af93a47b1a0b32a4df294e) Importer(815301076,1909f56bfc062723c751e8b465ee728b)
Start importing Assets/Music using Guid(7c266b6227af93a47b1a0b32a4df294e) Importer(815301076,1909f56bfc062723c751e8b465ee728b)  -> (artifact id: 'cecfaf7e264f957bb039e5032c2f34c5') in 0.004973 seconds
  Import took 0.008394 seconds .

AssetImportWorkerClient::OnTransportError - code=2 error=End of file
